<?xml version="1.0" encoding="UTF-8"?>
<!-- Generated by org.testng.reporters.JUnitReportReporter -->
<testsuite skipped="0" hostname="DESKTOP-23V34RH" name="test.TestEx" tests="1" failures="0" timestamp="2021-03-17T23:27:04 EDT" time="4.164" errors="0">
  <testcase name="testExample" time="4.164" classname="test.TestEx"/>
  <system-out/>
</testsuite> <!-- test.TestEx -->
